Determining if the pthread_create exist failed with the following output:
Change Dir: /home/workspace/CarND-Capstone/ros/build/CMakeFiles/CMakeTmp

Run Build Command:"/usr/bin/make" "cmTC_a165c/fast"
/usr/bin/make -f CMakeFiles/cmTC_a165c.dir/build.make CMakeFiles/cmTC_a165c.dir/build
make[1]: Entering directory '/home/workspace/CarND-Capstone/ros/build/CMakeFiles/CMakeTmp'
Building C object CMakeFiles/cmTC_a165c.dir/CheckSymbolExists.c.o
/usr/bin/cc    -o CMakeFiles/cmTC_a165c.dir/CheckSymbolExists.c.o   -c /home/workspace/CarND-Capstone/ros/build/CMakeFiles/CMakeTmp/CheckSymbolExists.c
Linking C executable cmTC_a165c
/usr/local/bin/cmake -E cmake_link_script CMakeFiles/cmTC_a165c.dir/link.txt --verbose=1
/usr/bin/cc      -rdynamic CMakeFiles/cmTC_a165c.dir/CheckSymbolExists.c.o  -o cmTC_a165c 
CMakeFiles/cmTC_a165c.dir/CheckSymbolExists.c.o: In function `main':
CheckSymbolExists.c:(.text+0x16): undefined reference to `pthread_create'
collect2: error: ld returned 1 exit status
CMakeFiles/cmTC_a165c.dir/build.make:86: recipe for target 'cmTC_a165c' failed
make[1]: *** [cmTC_a165c] Error 1
make[1]: Leaving directory '/home/workspace/CarND-Capstone/ros/build/CMakeFiles/CMakeTmp'
Makefile:121: recipe for target 'cmTC_a165c/fast' failed
make: *** [cmTC_a165c/fast] Error 2

File /home/workspace/CarND-Capstone/ros/build/CMakeFiles/CMakeTmp/CheckSymbolExists.c:
/* */
#include <pthread.h>

int main(int argc, char** argv)
{
  (void)argv;
#ifndef pthread_create
  return ((int*)(&pthread_create))[argc];
#else
  (void)argc;
  return 0;
#endif
}

Determining if the function pthread_create exists in the pthreads failed with the following output:
Change Dir: /home/workspace/CarND-Capstone/ros/build/CMakeFiles/CMakeTmp

Run Build Command:"/usr/bin/make" "cmTC_5f1e5/fast"
/usr/bin/make -f CMakeFiles/cmTC_5f1e5.dir/build.make CMakeFiles/cmTC_5f1e5.dir/build
make[1]: Entering directory '/home/workspace/CarND-Capstone/ros/build/CMakeFiles/CMakeTmp'
Building C object CMakeFiles/cmTC_5f1e5.dir/CheckFunctionExists.c.o
/usr/bin/cc   -DCHECK_FUNCTION_EXISTS=pthread_create   -o CMakeFiles/cmTC_5f1e5.dir/CheckFunctionExists.c.o   -c /usr/local/share/cmake-3.13/Modules/CheckFunctionExists.c
Linking C executable cmTC_5f1e5
/usr/local/bin/cmake -E cmake_link_script CMakeFiles/cmTC_5f1e5.dir/link.txt --verbose=1
/usr/bin/cc  -DCHECK_FUNCTION_EXISTS=pthread_create    -rdynamic CMakeFiles/cmTC_5f1e5.dir/CheckFunctionExists.c.o  -o cmTC_5f1e5 -lpthreads 
/usr/bin/ld: cannot find -lpthreads
collect2: error: ld returned 1 exit status
CMakeFiles/cmTC_5f1e5.dir/build.make:86: recipe for target 'cmTC_5f1e5' failed
make[1]: *** [cmTC_5f1e5] Error 1
make[1]: Leaving directory '/home/workspace/CarND-Capstone/ros/build/CMakeFiles/CMakeTmp'
Makefile:121: recipe for target 'cmTC_5f1e5/fast' failed
make: *** [cmTC_5f1e5/fast] Error 2


